#! c:/iverilog-x64/bin/vvp
:ivl_version "10.1 (stable)" "(v10_1_1)";
:ivl_delay_selection "TYPICAL";
:vpi_time_precision + 0;
:vpi_module "system";
:vpi_module "vhdl_sys";
:vpi_module "v2005_math";
:vpi_module "va_math";
S_000000000286f5f0 .scope module, "labM" "labM" 2 1;
 .timescale 0 0;
v00000000028c25b0_0 .var "address", 31 0;
v00000000028c33c0_0 .var "clk", 0 0;
v00000000028c3320_0 .var "memIn", 31 0;
v00000000028c3460_0 .net "memOut", 31 0, v0000000002832f00_0;  1 drivers
v00000000028c3500_0 .var "read", 0 0;
v00000000028c35a0_0 .var "write", 0 0;
S_00000000028702f0 .scope module, "data" "mem" 2 6, 3 1 0, S_000000000286f5f0;
 .timescale 0 0;
    .port_info 0 /OUTPUT 32 "memOut"
    .port_info 1 /INPUT 32 "address"
    .port_info 2 /INPUT 32 "memIn"
    .port_info 3 /INPUT 1 "clk"
    .port_info 4 /INPUT 1 "read"
    .port_info 5 /INPUT 1 "write"
P_0000000002833350 .param/l "CAPACITY" 0 3 9, C4<1111111111111111>;
P_0000000002833388 .param/l "DEBUG" 0 3 7, +C4<00000000000000000000000000000000>;
v000000000321ee70_0 .net *"_s3", 31 0, L_00000000028c2e20;  1 drivers
v0000000002870470_0 .net "address", 31 0, v00000000028c25b0_0;  1 drivers
v0000000002870510 .array "arr", 65535 0, 31 0;
v0000000002832d20_0 .net "clk", 0 0, v00000000028c33c0_0;  1 drivers
v0000000002832dc0_0 .var "fresh", 0 0;
v0000000002832e60_0 .net "memIn", 31 0, v00000000028c3320_0;  1 drivers
v0000000002832f00_0 .var "memOut", 31 0;
v0000000002832fa0_0 .net "read", 0 0, v00000000028c3500_0;  1 drivers
v0000000002833040_0 .net "write", 0 0, v00000000028c35a0_0;  1 drivers
E_000000000321df30 .event posedge, v0000000002832d20_0;
E_000000000321e230 .event edge, L_00000000028c2e20, v0000000002870470_0, v0000000002832fa0_0;
L_00000000028c2e20 .array/port v0000000002870510, v00000000028c25b0_0;
    .scope S_00000000028702f0;
T_0 ;
    %pushi/vec4 1, 0, 1;
    %store/vec4 v0000000002832dc0_0, 0, 1;
    %end;
    .thread T_0;
    .scope S_00000000028702f0;
T_1 ;
    %wait E_000000000321e230;
    %load/vec4 v0000000002832dc0_0;
    %pad/u 32;
    %cmpi/e 1, 0, 32;
    %jmp/0xz  T_1.0, 4;
    %pushi/vec4 0, 0, 1;
    %store/vec4 v0000000002832dc0_0, 0, 1;
    %vpi_call 3 22 "$readmemh", "ram.dat", v0000000002870510 {0 0 0};
T_1.0 ;
    %load/vec4 v0000000002832fa0_0;
    %pad/u 32;
    %cmpi/e 1, 0, 32;
    %jmp/0xz  T_1.2, 4;
    %load/vec4 v0000000002870470_0;
    %parti/s 2, 0, 2;
    %cmpi/ne 0, 0, 2;
    %jmp/0xz  T_1.4, 4;
    %pushi/vec4 4294967295, 4294967295, 32;
    %store/vec4 v0000000002832f00_0, 0, 32;
    %jmp T_1.5;
T_1.4 ;
    %pushi/vec4 65535, 0, 32;
    %load/vec4 v0000000002870470_0;
    %cmp/u;
    %jmp/0xz  T_1.6, 5;
    %pushi/vec4 4294967295, 4294967295, 32;
    %store/vec4 v0000000002832f00_0, 0, 32;
    %jmp T_1.7;
T_1.6 ;
    %ix/getv 4, v0000000002870470_0;
    %load/vec4a v0000000002870510, 4;
    %store/vec4 v0000000002832f00_0, 0, 32;
T_1.7 ;
T_1.5 ;
T_1.2 ;
    %jmp T_1;
    .thread T_1, $push;
    .scope S_00000000028702f0;
T_2 ;
    %wait E_000000000321df30;
    %load/vec4 v0000000002833040_0;
    %pad/u 32;
    %cmpi/e 1, 0, 32;
    %jmp/0xz  T_2.0, 4;
    %load/vec4 v0000000002870470_0;
    %parti/s 2, 0, 2;
    %cmpi/ne 0, 0, 2;
    %jmp/0xz  T_2.2, 4;
    %jmp T_2.3;
T_2.2 ;
    %pushi/vec4 65535, 0, 32;
    %load/vec4 v0000000002870470_0;
    %cmp/u;
    %jmp/0xz  T_2.4, 5;
    %vpi_call 3 54 "$display", "Address %d out of range %d", v0000000002870470_0, P_0000000002833350 {0 0 0};
    %jmp T_2.5;
T_2.4 ;
    %load/vec4 v0000000002832e60_0;
    %ix/getv 3, v0000000002870470_0;
    %ix/load 4, 0, 0; Constant delay
    %assign/vec4/a/d v0000000002870510, 0, 4;
T_2.5 ;
T_2.3 ;
T_2.0 ;
    %jmp T_2;
    .thread T_2;
    .scope S_000000000286f5f0;
T_3 ;
    %pushi/vec4 128, 0, 32;
    %store/vec4 v00000000028c25b0_0, 0, 32;
    %pushi/vec4 0, 0, 1;
    %store/vec4 v00000000028c35a0_0, 0, 1;
    %pushi/vec4 1, 0, 1;
    %store/vec4 v00000000028c3500_0, 0, 1;
    %pushi/vec4 11, 0, 32;
T_3.0 %dup/vec4;
    %pushi/vec4 0, 0, 32;
    %cmp/s;
    %jmp/1xz T_3.1, 5;
    %jmp/1 T_3.1, 4;
    %pushi/vec4 1, 0, 32;
    %sub;
    %delay 1, 0;
    %vpi_call 2 17 "$display", "Address %h contains %h", v00000000028c25b0_0, v00000000028c3460_0 {0 0 0};
    %load/vec4 v00000000028c25b0_0;
    %addi 4, 0, 32;
    %store/vec4 v00000000028c25b0_0, 0, 32;
    %jmp T_3.0;
T_3.1 ;
    %pop/vec4 1;
    %vpi_call 2 21 "$finish" {0 0 0};
    %end;
    .thread T_3;
# The file index is used to find the file name in the following table.
:file_names 4;
    "N/A";
    "<interactive>";
    "LabM5.v";
    "mem.v";
